<?xml version="1.0" encoding="UTF-8"?>
<!-- Generated by org.testng.reporters.JUnitReportReporter -->
<testsuite hostname="Qualitest-Manish" failures="0" tests="1" name="com.pradeep.framework.keyword.KeyWordExecution" time="19.861" errors="0" timestamp="31 Oct 2017 15:31:48 GMT">
  <testcase classname="com.pradeep.framework.keyword.KeyWordExecution" name="mainTest" time="19.861"/>
</testsuite> <!-- com.pradeep.framework.keyword.KeyWordExecution -->
